COMMAND=npm --prefix dashboard run command-center-click-smoke

> reliefqueue-dashboard@0.2.0 command-center-click-smoke
> node scripts/productClickSmoke.mjs command

product click smoke ports: api=36795 app=37073
ACTION_START action_id=command.open_case_detail route=/dashboard/assignments
ACTION_START action_id=command.assign_or_reassign_worker route=/dashboard/assignments
ACTION_START action_id=command.set_case_in_progress route=/dashboard/assignments
ACTION_START action_id=command.queue_local_message route=/dashboard/assignments
ACTION_START action_id=command.run_deterministic_drill route=/dashboard?source=latest
ACTION_START action_id=command.request_review_required_ai_advisory route=/dashboard/assignments
ACTION_START action_id=command.nav_overview route=/dashboard?source=latest
ACTION_START action_id=command.nav_assignments route=/dashboard?source=latest
ACTION_START action_id=command.nav_field_sync route=/dashboard?source=latest
ACTION_START action_id=command.nav_scenario route=/dashboard?source=latest
ACTION_START action_id=command.nav_ai_control route=/dashboard?source=latest
ACTION_START action_id=command.nav_quality route=/dashboard?source=latest
ACTION_START action_id=command.nav_audit route=/dashboard?source=latest
ACTION_START action_id=command.paid_sms_disabled route=/dashboard/assignments
command click smoke PASS (14 actions)
evidence: reports/product-click-smoke/latest/command-center.json
